<?xml version="1.0" encoding="UTF-8"?>
<testng-results skipped="0" failed="0" ignored="0" total="1" passed="1">
  <reporter-output>
  </reporter-output>
  <suite name="Default suite" duration-ms="29003" started-at="2022-09-20T11:52:23 IST" finished-at="2022-09-20T11:52:52 IST">
    <groups>
    </groups>
    <test name="Default test" duration-ms="29003" started-at="2022-09-20T11:52:23 IST" finished-at="2022-09-20T11:52:52 IST">
      <class name="FlipkartTask.redmi4GBTest">
        <test-method status="PASS" signature="redmiTest()[pri:0, instance:FlipkartTask.redmi4GBTest@4d95d2a2]" name="redmiTest" duration-ms="28930" started-at="2022-09-20T11:52:23 IST" finished-at="2022-09-20T11:52:52 IST">
          <reporter-output>
          </reporter-output>
        </test-method> <!-- redmiTest -->
      </class> <!-- FlipkartTask.redmi4GBTest -->
    </test> <!-- Default test -->
  </suite> <!-- Default suite -->
</testng-results>
